<?xml version="1.0" encoding="UTF-8"?>
<coverage generated="1486227626">
  <project timestamp="1486227626">
    <package name="Consolidation\Log">
      <file name="/Users/ganderson/local/consolidation/log/src/ConsoleLogLevel.php">
        <class name="ConsoleLogLevel" namespace="Consolidation\Log">
          <metrics complexity="0" methods="0" coveredmethods="0" conditionals="0" coveredconditionals="0" statements="0" coveredstatements="0" elements="0" coveredelements="0"/>
        </class>
        <metrics loc="25" ncloc="7" classes="0" methods="0" coveredmethods="0" conditionals="0" coveredconditionals="0" statements="0" coveredstatements="0" elements="0" coveredelements="0"/>
      </file>
      <file name="/Users/ganderson/local/consolidation/log/src/LogOutputStyler.php">
        <class name="LogOutputStyler" namespace="Consolidation\Log">
          <metrics complexity="13" methods="6" coveredmethods="3" conditionals="0" coveredconditionals="0" statements="24" coveredstatements="21" elements="30" coveredelements="24"/>
        </class>
        <line num="46" type="method" name="__construct" visibility="public" complexity="1" crap="1" count="1"/>
        <line num="48" type="stmt" count="1"/>
        <line num="49" type="stmt" count="1"/>
        <line num="50" type="stmt" count="1"/>
        <line num="55" type="method" name="defaultStyles" visibility="public" complexity="1" crap="1" count="1"/>
        <line num="57" type="stmt" count="1"/>
        <line num="63" type="method" name="style" visibility="public" complexity="5" crap="5.03" count="1"/>
        <line num="65" type="stmt" count="1"/>
        <line num="66" type="stmt" count="1"/>
        <line num="67" type="stmt" count="1"/>
        <line num="68" type="stmt" count="1"/>
        <line num="69" type="stmt" count="1"/>
        <line num="70" type="stmt" count="1"/>
        <line num="72" type="stmt" count="1"/>
        <line num="73" type="stmt" count="0"/>
        <line num="74" type="stmt" count="1"/>
        <line num="77" type="stmt" count="1"/>
        <line num="83" type="method" name="wrapFormatString" visibility="protected" complexity="2" crap="2.15" count="1"/>
        <line num="85" type="stmt" count="1"/>
        <line num="86" type="stmt" count="1"/>
        <line num="88" type="stmt" count="0"/>
        <line num="95" type="method" name="formatMessageByLevel" visibility="protected" complexity="1" crap="1" count="1"/>
        <line num="97" type="stmt" count="1"/>
        <line num="98" type="stmt" count="1"/>
        <line num="104" type="method" name="formatMessage" visibility="protected" complexity="3" crap="3.07" count="1"/>
        <line num="106" type="stmt" count="1"/>
        <line num="107" type="stmt" count="0"/>
        <line num="109" type="stmt" count="1"/>
        <line num="110" type="stmt" count="1"/>
        <line num="113" type="stmt" count="1"/>
        <metrics loc="115" ncloc="94" classes="1" methods="6" coveredmethods="3" conditionals="0" coveredconditionals="0" statements="24" coveredstatements="21" elements="30" coveredelements="24"/>
      </file>
      <file name="/Users/ganderson/local/consolidation/log/src/Logger.php">
        <class name="Logger" namespace="Consolidation\Log">
          <metrics complexity="30" methods="14" coveredmethods="7" conditionals="0" coveredconditionals="0" statements="57" coveredstatements="43" elements="71" coveredelements="50"/>
        </class>
        <line num="63" type="method" name="__construct" visibility="public" complexity="1" crap="1" count="33"/>
        <line num="65" type="stmt" count="33"/>
        <line num="67" type="stmt" count="33"/>
        <line num="68" type="stmt" count="33"/>
        <line num="69" type="stmt" count="33"/>
        <line num="70" type="stmt" count="33"/>
        <line num="72" type="method" name="setLogOutputStyler" visibility="public" complexity="1" crap="1" count="33"/>
        <line num="74" type="stmt" count="33"/>
        <line num="75" type="stmt" count="33"/>
        <line num="76" type="stmt" count="33"/>
        <line num="77" type="stmt" count="33"/>
        <line num="78" type="stmt" count="33"/>
        <line num="80" type="method" name="getLogOutputStyler" visibility="public" complexity="2" crap="2.15" count="33"/>
        <line num="82" type="stmt" count="33"/>
        <line num="83" type="stmt" count="0"/>
        <line num="85" type="stmt" count="33"/>
        <line num="88" type="method" name="getOutputStream" visibility="protected" complexity="1" crap="1" count="33"/>
        <line num="90" type="stmt" count="33"/>
        <line num="93" type="method" name="getErrorStream" visibility="protected" complexity="3" crap="3.04" count="33"/>
        <line num="95" type="stmt" count="33"/>
        <line num="96" type="stmt" count="33"/>
        <line num="97" type="stmt" count="33"/>
        <line num="98" type="stmt" count="0"/>
        <line num="100" type="stmt" count="33"/>
        <line num="102" type="stmt" count="33"/>
        <line num="105" type="method" name="setOutputStream" visibility="public" complexity="1" crap="2" count="0"/>
        <line num="107" type="stmt" count="0"/>
        <line num="108" type="stmt" count="0"/>
        <line num="109" type="stmt" count="0"/>
        <line num="111" type="method" name="setErrorStream" visibility="public" complexity="1" crap="2" count="0"/>
        <line num="113" type="stmt" count="0"/>
        <line num="114" type="stmt" count="0"/>
        <line num="115" type="stmt" count="0"/>
        <line num="117" type="method" name="getOutputStreamWrapper" visibility="protected" complexity="2" crap="6" count="0"/>
        <line num="119" type="stmt" count="0"/>
        <line num="120" type="stmt" count="0"/>
        <line num="122" type="stmt" count="0"/>
        <line num="125" type="method" name="getErrorStreamWrapper" visibility="protected" complexity="2" crap="2" count="33"/>
        <line num="127" type="stmt" count="33"/>
        <line num="128" type="stmt" count="33"/>
        <line num="130" type="stmt" count="33"/>
        <line num="133" type="method" name="getOutputStreamForLogLevel" visibility="protected" complexity="3" crap="3.33" count="33"/>
        <line num="138" type="stmt" count="33"/>
        <line num="139" type="stmt" count="0"/>
        <line num="141" type="stmt" count="33"/>
        <line num="147" type="method" name="log" visibility="public" complexity="5" crap="5.39" count="33"/>
        <line num="155" type="stmt" count="33"/>
        <line num="156" type="stmt" count="0"/>
        <line num="160" type="stmt" count="33"/>
        <line num="161" type="stmt" count="0"/>
        <line num="167" type="stmt" count="33"/>
        <line num="170" type="stmt" count="33"/>
        <line num="171" type="stmt" count="29"/>
        <line num="173" type="stmt" count="33"/>
        <line num="178" type="method" name="doLog" visibility="protected" complexity="2" crap="2" count="29"/>
        <line num="180" type="stmt" count="29"/>
        <line num="181" type="stmt" count="29"/>
        <line num="182" type="stmt" count="29"/>
        <line num="184" type="stmt" count="29"/>
        <line num="186" type="stmt" count="29"/>
        <line num="188" type="stmt" count="29"/>
        <line num="194" type="stmt" count="29"/>
        <line num="196" type="method" name="success" visibility="public" complexity="1" crap="1" count="1"/>
        <line num="198" type="stmt" count="1"/>
        <line num="199" type="stmt" count="1"/>
        <line num="256" type="method" name="interpolate" visibility="private" complexity="5" crap="5" count="29"/>
        <line num="259" type="stmt" count="29"/>
        <line num="260" type="stmt" count="29"/>
        <line num="261" type="stmt" count="1"/>
        <line num="262" type="stmt" count="1"/>
        <line num="267" type="stmt" count="29"/>
        <metrics loc="269" ncloc="167" classes="1" methods="14" coveredmethods="7" conditionals="0" coveredconditionals="0" statements="57" coveredstatements="43" elements="71" coveredelements="50"/>
      </file>
      <file name="/Users/ganderson/local/consolidation/log/src/SymfonyLogOutputStyler.php">
        <class name="SymfonyLogOutputStyler" namespace="Consolidation\Log">
          <metrics complexity="9" methods="9" coveredmethods="5" conditionals="0" coveredconditionals="0" statements="15" coveredstatements="8" elements="24" coveredelements="13"/>
        </class>
        <line num="18" type="method" name="defaultStyles" visibility="public" complexity="1" crap="2" count="0"/>
        <line num="20" type="stmt" count="0"/>
        <line num="23" type="method" name="style" visibility="public" complexity="1" crap="1" count="5"/>
        <line num="25" type="stmt" count="5"/>
        <line num="28" type="method" name="createOutputWrapper" visibility="public" complexity="1" crap="1" count="5"/>
        <line num="33" type="stmt" count="5"/>
        <line num="36" type="method" name="log" visibility="public" complexity="1" crap="2" count="0"/>
        <line num="38" type="stmt" count="0"/>
        <line num="39" type="stmt" count="0"/>
        <line num="41" type="method" name="success" visibility="public" complexity="1" crap="1" count="1"/>
        <line num="43" type="stmt" count="1"/>
        <line num="44" type="stmt" count="1"/>
        <line num="46" type="method" name="error" visibility="public" complexity="1" crap="2" count="0"/>
        <line num="48" type="stmt" count="0"/>
        <line num="49" type="stmt" count="0"/>
        <line num="51" type="method" name="warning" visibility="public" complexity="1" crap="1" count="1"/>
        <line num="53" type="stmt" count="1"/>
        <line num="54" type="stmt" count="1"/>
        <line num="56" type="method" name="note" visibility="public" complexity="1" crap="1" count="3"/>
        <line num="58" type="stmt" count="3"/>
        <line num="59" type="stmt" count="3"/>
        <line num="61" type="method" name="caution" visibility="public" complexity="1" crap="2" count="0"/>
        <line num="63" type="stmt" count="0"/>
        <line num="64" type="stmt" count="0"/>
        <metrics loc="65" ncloc="51" classes="1" methods="9" coveredmethods="5" conditionals="0" coveredconditionals="0" statements="15" coveredstatements="8" elements="24" coveredelements="13"/>
      </file>
      <file name="/Users/ganderson/local/consolidation/log/src/UnstyledLogOutputStyler.php">
        <class name="UnstyledLogOutputStyler" namespace="Consolidation\Log">
          <metrics complexity="11" methods="11" coveredmethods="8" conditionals="0" coveredconditionals="0" statements="12" coveredstatements="9" elements="23" coveredelements="17"/>
        </class>
        <line num="12" type="method" name="createOutputWrapper" visibility="public" complexity="1" crap="1" count="28"/>
        <line num="14" type="stmt" count="28"/>
        <line num="20" type="method" name="defaultStyles" visibility="public" complexity="1" crap="2" count="0"/>
        <line num="22" type="stmt" count="0"/>
        <line num="28" type="method" name="style" visibility="public" complexity="1" crap="1" count="23"/>
        <line num="30" type="stmt" count="23"/>
        <line num="36" type="method" name="write" visibility="protected" complexity="1" crap="1" count="24"/>
        <line num="38" type="stmt" count="24"/>
        <line num="39" type="stmt" count="24"/>
        <line num="44" type="method" name="log" visibility="public" complexity="1" crap="2" count="0"/>
        <line num="46" type="stmt" count="0"/>
        <line num="52" type="method" name="success" visibility="public" complexity="1" crap="1" count="6"/>
        <line num="54" type="stmt" count="6"/>
        <line num="60" type="method" name="error" visibility="public" complexity="1" crap="1" count="5"/>
        <line num="62" type="stmt" count="5"/>
        <line num="68" type="method" name="warning" visibility="public" complexity="1" crap="1" count="5"/>
        <line num="70" type="stmt" count="5"/>
        <line num="76" type="method" name="note" visibility="public" complexity="1" crap="1" count="8"/>
        <line num="78" type="stmt" count="8"/>
        <line num="84" type="method" name="caution" visibility="public" complexity="1" crap="2" count="0"/>
        <line num="86" type="stmt" count="0"/>
        <line num="93" type="method" name="formatMessageByLevel" visibility="protected" complexity="1" crap="1" count="23"/>
        <line num="95" type="stmt" count="23"/>
        <metrics loc="97" ncloc="63" classes="1" methods="11" coveredmethods="8" conditionals="0" coveredconditionals="0" statements="12" coveredstatements="9" elements="23" coveredelements="17"/>
      </file>
    </package>
    <file name="/Users/ganderson/local/consolidation/log/src/LogOutputStylerInterface.php">
      <metrics loc="105" ncloc="27" classes="0" methods="0" coveredmethods="0" conditionals="0" coveredconditionals="0" statements="0" coveredstatements="0" elements="0" coveredelements="0"/>
    </file>
    <metrics files="6" loc="676" ncloc="409" classes="4" methods="40" coveredmethods="23" conditionals="0" coveredconditionals="0" statements="108" coveredstatements="81" elements="148" coveredelements="104"/>
  </project>
</coverage>
